\BOOKMARK [0][-]{chapter*.1}{Preface}{}% 1
\BOOKMARK [0][-]{chapter.1}{Polynomials}{}% 2
\BOOKMARK [1][-]{section.1.1}{Degree}{chapter.1}% 3
\BOOKMARK [2][-]{subsection.1.1.1}{Proposition}{section.1.1}% 4
\BOOKMARK [2][-]{subsection.1.1.2}{Corollary}{section.1.1}% 5
\BOOKMARK [2][-]{subsection.1.1.3}{Corollary}{section.1.1}% 6
\BOOKMARK [2][-]{subsection.1.1.4}{Division Algorithm}{section.1.1}% 7
\BOOKMARK [1][-]{section.1.2}{Complex Coefficients}{chapter.1}% 8
\BOOKMARK [2][-]{subsection.1.2.1}{Fundamental Theorem of Algebra}{section.1.2}% 9
\BOOKMARK [2][-]{subsection.1.2.2}{Corollary}{section.1.2}% 10
\BOOKMARK [1][-]{section.1.3}{Real Coefficients}{chapter.1}% 11
\BOOKMARK [2][-]{subsection.1.3.1}{Properties}{section.1.3}% 12
\BOOKMARK [2][-]{subsection.1.3.2}{Proposition}{section.1.3}% 13
\BOOKMARK [2][-]{subsection.1.3.3}{Proposition}{section.1.3}% 14
\BOOKMARK [2][-]{subsection.1.3.4}{Theorem}{section.1.3}% 15
\BOOKMARK [0][-]{chapter.2}{Matrix Algebra}{}% 16
\BOOKMARK [1][-]{section.2.1}{Basic Operations}{chapter.2}% 17
\BOOKMARK [1][-]{section.2.2}{Row Reduction}{chapter.2}% 18
\BOOKMARK [1][-]{section.2.3}{Determinants}{chapter.2}% 19
\BOOKMARK [1][-]{section.2.4}{Permuatation Matrices}{chapter.2}% 20
\BOOKMARK [1][-]{section.2.5}{Cramer's Rule}{chapter.2}% 21
\BOOKMARK [1][-]{section.2.6}{Gram\205Schmidt process}{chapter.2}% 22
\BOOKMARK [0][-]{chapter.3}{Vector Spaces}{}% 23
\BOOKMARK [1][-]{section.3.1}{Fields}{chapter.3}% 24
\BOOKMARK [1][-]{section.3.2}{Complex Numbers}{chapter.3}% 25
\BOOKMARK [2][-]{subsection.3.2.1}{Addition}{section.3.2}% 26
\BOOKMARK [2][-]{subsection.3.2.2}{Multiplication}{section.3.2}% 27
\BOOKMARK [2][-]{subsection.3.2.3}{Properties}{section.3.2}% 28
\BOOKMARK [3][-]{subsubsection.3.2.3.1}{Commutativity}{subsection.3.2.3}% 29
\BOOKMARK [3][-]{subsubsection.3.2.3.2}{Associativity}{subsection.3.2.3}% 30
\BOOKMARK [3][-]{subsubsection.3.2.3.3}{Identities}{subsection.3.2.3}% 31
\BOOKMARK [3][-]{subsubsection.3.2.3.4}{Additive Inverse}{subsection.3.2.3}% 32
\BOOKMARK [3][-]{subsubsection.3.2.3.5}{Multiplicative Inverse}{subsection.3.2.3}% 33
\BOOKMARK [3][-]{subsubsection.3.2.3.6}{Distributive Property}{subsection.3.2.3}% 34
\BOOKMARK [1][-]{section.3.3}{Notation}{chapter.3}% 35
\BOOKMARK [1][-]{section.3.4}{Definition of a Vector Space}{chapter.3}% 36
\BOOKMARK [2][-]{subsection.3.4.1}{Commutativity}{section.3.4}% 37
\BOOKMARK [2][-]{subsection.3.4.2}{Associativity}{section.3.4}% 38
\BOOKMARK [2][-]{subsection.3.4.3}{Additive Identity}{section.3.4}% 39
\BOOKMARK [2][-]{subsection.3.4.4}{Additive Inverse}{section.3.4}% 40
\BOOKMARK [2][-]{subsection.3.4.5}{Multiplicative identity}{section.3.4}% 41
\BOOKMARK [2][-]{subsection.3.4.6}{Distributive properties}{section.3.4}% 42
\BOOKMARK [1][-]{section.3.5}{Properties of a Vector Space}{chapter.3}% 43
\BOOKMARK [2][-]{subsection.3.5.1}{A vector space has a unique additive identity}{section.3.5}% 44
\BOOKMARK [2][-]{subsection.3.5.2}{Ever element in a vector space has a unique additive inverse}{section.3.5}% 45
\BOOKMARK [2][-]{subsection.3.5.3}{0V = 0 \040 V V}{section.3.5}% 46
\BOOKMARK [2][-]{subsection.3.5.4}{0= 0 \040 F}{section.3.5}% 47
\BOOKMARK [2][-]{subsection.3.5.5}{\(-1\)V = -V \040 V F}{section.3.5}% 48
\BOOKMARK [1][-]{section.3.6}{Subspaces}{chapter.3}% 49
\BOOKMARK [2][-]{subsection.3.6.1}{Definition}{section.3.6}% 50
\BOOKMARK [2][-]{subsection.3.6.2}{Properties}{section.3.6}% 51
\BOOKMARK [3][-]{subsubsection.3.6.2.1}{Additive identity}{subsection.3.6.2}% 52
\BOOKMARK [3][-]{subsubsection.3.6.2.2}{Closed under addition}{subsection.3.6.2}% 53
\BOOKMARK [3][-]{subsubsection.3.6.2.3}{Closed under scalar multiplication}{subsection.3.6.2}% 54
\BOOKMARK [1][-]{section.3.7}{Sums}{chapter.3}% 55
\BOOKMARK [1][-]{section.3.8}{Direct Sums}{chapter.3}% 56
\BOOKMARK [2][-]{subsection.3.8.1}{Proposition 1}{section.3.8}% 57
\BOOKMARK [3][-]{subsubsection.3.8.1.1}{Proof}{subsection.3.8.1}% 58
\BOOKMARK [2][-]{subsection.3.8.2}{Proposition 2}{section.3.8}% 59
\BOOKMARK [3][-]{subsubsection.3.8.2.1}{Proof}{subsection.3.8.2}% 60
\BOOKMARK [1][-]{section.3.9}{Note}{chapter.3}% 61
\BOOKMARK [0][-]{chapter.4}{Finite Dimensional Vector Spaces}{}% 62
\BOOKMARK [1][-]{section.4.1}{Span and Linear Independence}{chapter.4}% 63
\BOOKMARK [2][-]{subsection.4.1.1}{Span}{section.4.1}% 64
\BOOKMARK [1][-]{section.4.2}{Bases}{chapter.4}% 65
\BOOKMARK [1][-]{section.4.3}{Dimension}{chapter.4}% 66
\BOOKMARK [0][-]{chapter.5}{Infinite Dimensional Vector Spaces}{}% 67
